\BOOKMARK [1][]{section.1}{1 Introduction}{}% 1
\BOOKMARK [1][]{section.2}{2 For the impatient}{}% 2
\BOOKMARK [1][]{section.3}{3 Package features}{}% 3
\BOOKMARK [2][]{subsection.3.1}{3.1 Actuarial symbol}{section.3}% 4
\BOOKMARK [2][]{subsection.3.2}{3.2 Two-letter principal symbols}{section.3}% 5
\BOOKMARK [2][]{subsection.3.3}{3.3 Precedence numbers}{section.3}% 6
\BOOKMARK [1][]{section.4}{4 Shortcuts}{}% 7
\BOOKMARK [2][]{subsection.4.1}{4.1 Symbols for life tables, insurance and annuities}{section.4}% 8
\BOOKMARK [2][]{subsection.4.2}{4.2 Auxiliary symbols}{section.4}% 9
\BOOKMARK [2][]{subsection.4.3}{4.3 Symbols for varying benefit insurance and annuities}{section.4}% 10
\BOOKMARK [2][]{subsection.4.4}{4.4 First, second and third precedence}{section.4}% 11
\BOOKMARK [1][]{section.5}{5 Package options}{}% 12
\BOOKMARK [1][]{appendix.A}{A Comprehensive life contingencies symbol list}{}% 13
\BOOKMARK [1][]{appendix.B}{B Implementation}{}% 14
\BOOKMARK [2][]{subsection.B.1}{B.1 Required packages}{appendix.B}% 15
\BOOKMARK [2][]{subsection.B.2}{B.2 Package options}{appendix.B}% 16
\BOOKMARK [2][]{subsection.B.3}{B.3 Actuarial symbol}{appendix.B}% 17
\BOOKMARK [2][]{subsection.B.4}{B.4 Auxiliary symbols}{appendix.B}% 18
\BOOKMARK [2][]{subsection.B.5}{B.5 Two-letter symbols}{appendix.B}% 19
\BOOKMARK [2][]{subsection.B.6}{B.6 Precedence numbers}{appendix.B}% 20
